<?xml version="1.0" encoding="UTF-8"?>
<!-- Generated by org.testng.reporters.JUnitReportReporter -->
<testsuite name="com.testcases.TC_001_TestCase" tests="1" time="16.786" ignored="0" failures="0" timestamp="24 Dec 2019 12:22:56 GMT" skipped="0" hostname="DESKTOP-8FKLJ50" errors="0">
  <testcase name="testcaseGSM01" time="16.786" classname="com.testcases.TC_001_TestCase"/>
</testsuite> <!-- com.testcases.TC_001_TestCase -->
