<?xml version="1.0" encoding="UTF-8"?>
<!-- Generated by org.testng.reporters.JUnitReportReporter -->
<testsuite name="com.testcases.TC_002_MultiligualTestCases" tests="1" time="22.333" ignored="0" failures="0" timestamp="26 Dec 2019 12:07:21 GMT" skipped="0" hostname="DESKTOP-8FKLJ50" errors="0">
  <testcase name="testcaseGSM02" time="22.333" classname="com.testcases.TC_002_MultiligualTestCases"/>
</testsuite> <!-- com.testcases.TC_002_MultiligualTestCases -->
