<?xml version="1.0" encoding="UTF-8"?>
<!-- Generated by org.testng.reporters.JUnitReportReporter -->
<testsuite name="com.testcases.TC_003_LoginPageAttributesValidationTestCases" tests="1" time="12.080" ignored="0" failures="0" timestamp="29 Dec 2019 16:48:31 GMT" skipped="0" hostname="DESKTOP-8FKLJ50" errors="0">
  <testcase name="testcaseGSM02" time="12.080" classname="com.testcases.TC_003_LoginPageAttributesValidationTestCases"/>
</testsuite> <!-- com.testcases.TC_003_LoginPageAttributesValidationTestCases -->
